<?xml version="1.0" encoding="UTF-8"?>
<testsuite xmlns:xsi="http://www.w3.org/2001/XMLSchema-instance" xsi:noNamespaceSchemaLocation="https://maven.apache.org/surefire/maven-surefire-plugin/xsd/surefire-test-report-3.0.xsd" version="3.0" name="com.sap.ase.poker.smokeTests.CheckSmokeTest" time="3.505" tests="4" errors="0" skipped="0" failures="0">
  <properties>
    <property name="java.specification.version" value="21"/>
    <property name="sun.cpu.isalist" value="amd64"/>
    <property name="sun.jnu.encoding" value="Cp1252"/>
    <property name="java.class.path" value="C:\Users\I571952\Desktop\Classroom Training\poker-app-java\target\test-classes;C:\Users\I571952\Desktop\Classroom Training\poker-app-java\target\classes;C:\Users\I571952\.m2\repository\org\springframework\boot\spring-boot-starter-web\3.1.1\spring-boot-starter-web-3.1.1.jar;C:\Users\I571952\.m2\repository\org\springframework\boot\spring-boot-starter\3.1.1\spring-boot-starter-3.1.1.jar;C:\Users\I571952\.m2\repository\org\springframework\boot\spring-boot-starter-logging\3.1.1\spring-boot-starter-logging-3.1.1.jar;C:\Users\I571952\.m2\repository\ch\qos\logback\logback-classic\1.4.8\logback-classic-1.4.8.jar;C:\Users\I571952\.m2\repository\ch\qos\logback\logback-core\1.4.8\logback-core-1.4.8.jar;C:\Users\I571952\.m2\repository\org\apache\logging\log4j\log4j-to-slf4j\2.20.0\log4j-to-slf4j-2.20.0.jar;C:\Users\I571952\.m2\repository\org\apache\logging\log4j\log4j-api\2.20.0\log4j-api-2.20.0.jar;C:\Users\I571952\.m2\repository\org\slf4j\jul-to-slf4j\2.0.7\jul-to-slf4j-2.0.7.jar;C:\Users\I571952\.m2\repository\jakarta\annotation\jakarta.annotation-api\2.1.1\jakarta.annotation-api-2.1.1.jar;C:\Users\I571952\.m2\repository\org\yaml\snakeyaml\1.33\snakeyaml-1.33.jar;C:\Users\I571952\.m2\repository\org\springframework\boot\spring-boot-starter-json\3.1.1\spring-boot-starter-json-3.1.1.jar;C:\Users\I571952\.m2\repository\com\fasterxml\jackson\datatype\jackson-datatype-jdk8\2.15.2\jackson-datatype-jdk8-2.15.2.jar;C:\Users\I571952\.m2\repository\com\fasterxml\jackson\datatype\jackson-datatype-jsr310\2.15.2\jackson-datatype-jsr310-2.15.2.jar;C:\Users\I571952\.m2\repository\com\fasterxml\jackson\module\jackson-module-parameter-names\2.15.2\jackson-module-parameter-names-2.15.2.jar;C:\Users\I571952\.m2\repository\org\springframework\boot\spring-boot-starter-tomcat\3.1.1\spring-boot-starter-tomcat-3.1.1.jar;C:\Users\I571952\.m2\repository\org\apache\tomcat\embed\tomcat-embed-core\10.1.10\tomcat-embed-core-10.1.10.jar;C:\Users\I571952\.m2\repository\org\apache\tomcat\embed\tomcat-embed-el\10.1.10\tomcat-embed-el-10.1.10.jar;C:\Users\I571952\.m2\repository\org\apache\tomcat\embed\tomcat-embed-websocket\10.1.10\tomcat-embed-websocket-10.1.10.jar;C:\Users\I571952\.m2\repository\org\springframework\spring-web\6.0.10\spring-web-6.0.10.jar;C:\Users\I571952\.m2\repository\org\springframework\spring-beans\6.0.10\spring-beans-6.0.10.jar;C:\Users\I571952\.m2\repository\io\micrometer\micrometer-observation\1.11.1\micrometer-observation-1.11.1.jar;C:\Users\I571952\.m2\repository\io\micrometer\micrometer-commons\1.11.1\micrometer-commons-1.11.1.jar;C:\Users\I571952\.m2\repository\org\springframework\spring-webmvc\6.0.10\spring-webmvc-6.0.10.jar;C:\Users\I571952\.m2\repository\org\springframework\spring-context\6.0.10\spring-context-6.0.10.jar;C:\Users\I571952\.m2\repository\org\springframework\spring-expression\6.0.10\spring-expression-6.0.10.jar;C:\Users\I571952\.m2\repository\org\springframework\boot\spring-boot-starter-security\3.1.1\spring-boot-starter-security-3.1.1.jar;C:\Users\I571952\.m2\repository\org\springframework\spring-aop\6.0.10\spring-aop-6.0.10.jar;C:\Users\I571952\.m2\repository\org\springframework\security\spring-security-config\6.1.1\spring-security-config-6.1.1.jar;C:\Users\I571952\.m2\repository\org\springframework\security\spring-security-core\6.1.1\spring-security-core-6.1.1.jar;C:\Users\I571952\.m2\repository\org\springframework\security\spring-security-crypto\6.1.1\spring-security-crypto-6.1.1.jar;C:\Users\I571952\.m2\repository\org\springframework\security\spring-security-web\6.1.1\spring-security-web-6.1.1.jar;C:\Users\I571952\.m2\repository\org\springframework\boot\spring-boot-starter-test\3.1.1\spring-boot-starter-test-3.1.1.jar;C:\Users\I571952\.m2\repository\org\springframework\boot\spring-boot-test\3.1.1\spring-boot-test-3.1.1.jar;C:\Users\I571952\.m2\repository\org\springframework\boot\spring-boot-test-autoconfigure\3.1.1\spring-boot-test-autoconfigure-3.1.1.jar;C:\Users\I571952\.m2\repository\com\jayway\jsonpath\json-path\2.8.0\json-path-2.8.0.jar;C:\Users\I571952\.m2\repository\org\slf4j\slf4j-api\2.0.7\slf4j-api-2.0.7.jar;C:\Users\I571952\.m2\repository\jakarta\xml\bind\jakarta.xml.bind-api\4.0.0\jakarta.xml.bind-api-4.0.0.jar;C:\Users\I571952\.m2\repository\jakarta\activation\jakarta.activation-api\2.1.2\jakarta.activation-api-2.1.2.jar;C:\Users\I571952\.m2\repository\net\minidev\json-smart\2.4.11\json-smart-2.4.11.jar;C:\Users\I571952\.m2\repository\net\minidev\accessors-smart\2.4.11\accessors-smart-2.4.11.jar;C:\Users\I571952\.m2\repository\org\ow2\asm\asm\9.3\asm-9.3.jar;C:\Users\I571952\.m2\repository\org\assertj\assertj-core\3.24.2\assertj-core-3.24.2.jar;C:\Users\I571952\.m2\repository\net\bytebuddy\byte-buddy\1.14.5\byte-buddy-1.14.5.jar;C:\Users\I571952\.m2\repository\org\hamcrest\hamcrest\2.2\hamcrest-2.2.jar;C:\Users\I571952\.m2\repository\org\junit\jupiter\junit-jupiter\5.9.3\junit-jupiter-5.9.3.jar;C:\Users\I571952\.m2\repository\org\junit\jupiter\junit-jupiter-api\5.9.3\junit-jupiter-api-5.9.3.jar;C:\Users\I571952\.m2\repository\org\opentest4j\opentest4j\1.2.0\opentest4j-1.2.0.jar;C:\Users\I571952\.m2\repository\org\junit\platform\junit-platform-commons\1.9.3\junit-platform-commons-1.9.3.jar;C:\Users\I571952\.m2\repository\org\apiguardian\apiguardian-api\1.1.2\apiguardian-api-1.1.2.jar;C:\Users\I571952\.m2\repository\org\junit\jupiter\junit-jupiter-params\5.9.3\junit-jupiter-params-5.9.3.jar;C:\Users\I571952\.m2\repository\org\junit\jupiter\junit-jupiter-engine\5.9.3\junit-jupiter-engine-5.9.3.jar;C:\Users\I571952\.m2\repository\org\junit\platform\junit-platform-engine\1.9.3\junit-platform-engine-1.9.3.jar;C:\Users\I571952\.m2\repository\org\mockito\mockito-core\5.3.1\mockito-core-5.3.1.jar;C:\Users\I571952\.m2\repository\net\bytebuddy\byte-buddy-agent\1.14.5\byte-buddy-agent-1.14.5.jar;C:\Users\I571952\.m2\repository\org\objenesis\objenesis\3.3\objenesis-3.3.jar;C:\Users\I571952\.m2\repository\org\mockito\mockito-junit-jupiter\5.3.1\mockito-junit-jupiter-5.3.1.jar;C:\Users\I571952\.m2\repository\org\skyscreamer\jsonassert\1.5.1\jsonassert-1.5.1.jar;C:\Users\I571952\.m2\repository\com\vaadin\external\google\android-json\0.0.20131108.vaadin1\android-json-0.0.20131108.vaadin1.jar;C:\Users\I571952\.m2\repository\org\springframework\spring-core\6.0.10\spring-core-6.0.10.jar;C:\Users\I571952\.m2\repository\org\springframework\spring-jcl\6.0.10\spring-jcl-6.0.10.jar;C:\Users\I571952\.m2\repository\org\springframework\spring-test\6.0.10\spring-test-6.0.10.jar;C:\Users\I571952\.m2\repository\org\xmlunit\xmlunit-core\2.9.1\xmlunit-core-2.9.1.jar;C:\Users\I571952\.m2\repository\org\springframework\boot\spring-boot-devtools\3.1.1\spring-boot-devtools-3.1.1.jar;C:\Users\I571952\.m2\repository\org\springframework\boot\spring-boot\3.1.1\spring-boot-3.1.1.jar;C:\Users\I571952\.m2\repository\org\springframework\boot\spring-boot-autoconfigure\3.1.1\spring-boot-autoconfigure-3.1.1.jar;C:\Users\I571952\.m2\repository\com\auth0\java-jwt\4.3.0\java-jwt-4.3.0.jar;C:\Users\I571952\.m2\repository\com\fasterxml\jackson\core\jackson-databind\2.15.2\jackson-databind-2.15.2.jar;C:\Users\I571952\.m2\repository\com\fasterxml\jackson\core\jackson-annotations\2.15.2\jackson-annotations-2.15.2.jar;C:\Users\I571952\.m2\repository\com\fasterxml\jackson\core\jackson-core\2.15.2\jackson-core-2.15.2.jar;"/>
    <property name="java.vm.vendor" value="SAP SE"/>
    <property name="sun.arch.data.model" value="64"/>
    <property name="user.variant" value=""/>
    <property name="java.vendor.url" value="https://sapmachine.io/"/>
    <property name="user.timezone" value="Asia/Calcutta"/>
    <property name="os.name" value="Windows 11"/>
    <property name="java.vm.specification.version" value="21"/>
    <property name="sun.java.launcher" value="SUN_STANDARD"/>
    <property name="user.country" value="IN"/>
    <property name="sun.boot.library.path" value="C:\Program Files\SapMachine\JDK\21\bin"/>
    <property name="sun.java.command" value="C:\Users\I571952\AppData\Local\Temp\surefire13293093642107556318\surefirebooter-20240306134719491_31.jar C:\Users\I571952\AppData\Local\Temp\surefire13293093642107556318 2024-03-06T13-47-01_359-jvmRun1 surefire-20240306134719491_29tmp surefire_1-20240306134719491_30tmp"/>
    <property name="jdk.debug" value="release"/>
    <property name="surefire.test.class.path" value="C:\Users\I571952\Desktop\Classroom Training\poker-app-java\target\test-classes;C:\Users\I571952\Desktop\Classroom Training\poker-app-java\target\classes;C:\Users\I571952\.m2\repository\org\springframework\boot\spring-boot-starter-web\3.1.1\spring-boot-starter-web-3.1.1.jar;C:\Users\I571952\.m2\repository\org\springframework\boot\spring-boot-starter\3.1.1\spring-boot-starter-3.1.1.jar;C:\Users\I571952\.m2\repository\org\springframework\boot\spring-boot-starter-logging\3.1.1\spring-boot-starter-logging-3.1.1.jar;C:\Users\I571952\.m2\repository\ch\qos\logback\logback-classic\1.4.8\logback-classic-1.4.8.jar;C:\Users\I571952\.m2\repository\ch\qos\logback\logback-core\1.4.8\logback-core-1.4.8.jar;C:\Users\I571952\.m2\repository\org\apache\logging\log4j\log4j-to-slf4j\2.20.0\log4j-to-slf4j-2.20.0.jar;C:\Users\I571952\.m2\repository\org\apache\logging\log4j\log4j-api\2.20.0\log4j-api-2.20.0.jar;C:\Users\I571952\.m2\repository\org\slf4j\jul-to-slf4j\2.0.7\jul-to-slf4j-2.0.7.jar;C:\Users\I571952\.m2\repository\jakarta\annotation\jakarta.annotation-api\2.1.1\jakarta.annotation-api-2.1.1.jar;C:\Users\I571952\.m2\repository\org\yaml\snakeyaml\1.33\snakeyaml-1.33.jar;C:\Users\I571952\.m2\repository\org\springframework\boot\spring-boot-starter-json\3.1.1\spring-boot-starter-json-3.1.1.jar;C:\Users\I571952\.m2\repository\com\fasterxml\jackson\datatype\jackson-datatype-jdk8\2.15.2\jackson-datatype-jdk8-2.15.2.jar;C:\Users\I571952\.m2\repository\com\fasterxml\jackson\datatype\jackson-datatype-jsr310\2.15.2\jackson-datatype-jsr310-2.15.2.jar;C:\Users\I571952\.m2\repository\com\fasterxml\jackson\module\jackson-module-parameter-names\2.15.2\jackson-module-parameter-names-2.15.2.jar;C:\Users\I571952\.m2\repository\org\springframework\boot\spring-boot-starter-tomcat\3.1.1\spring-boot-starter-tomcat-3.1.1.jar;C:\Users\I571952\.m2\repository\org\apache\tomcat\embed\tomcat-embed-core\10.1.10\tomcat-embed-core-10.1.10.jar;C:\Users\I571952\.m2\repository\org\apache\tomcat\embed\tomcat-embed-el\10.1.10\tomcat-embed-el-10.1.10.jar;C:\Users\I571952\.m2\repository\org\apache\tomcat\embed\tomcat-embed-websocket\10.1.10\tomcat-embed-websocket-10.1.10.jar;C:\Users\I571952\.m2\repository\org\springframework\spring-web\6.0.10\spring-web-6.0.10.jar;C:\Users\I571952\.m2\repository\org\springframework\spring-beans\6.0.10\spring-beans-6.0.10.jar;C:\Users\I571952\.m2\repository\io\micrometer\micrometer-observation\1.11.1\micrometer-observation-1.11.1.jar;C:\Users\I571952\.m2\repository\io\micrometer\micrometer-commons\1.11.1\micrometer-commons-1.11.1.jar;C:\Users\I571952\.m2\repository\org\springframework\spring-webmvc\6.0.10\spring-webmvc-6.0.10.jar;C:\Users\I571952\.m2\repository\org\springframework\spring-context\6.0.10\spring-context-6.0.10.jar;C:\Users\I571952\.m2\repository\org\springframework\spring-expression\6.0.10\spring-expression-6.0.10.jar;C:\Users\I571952\.m2\repository\org\springframework\boot\spring-boot-starter-security\3.1.1\spring-boot-starter-security-3.1.1.jar;C:\Users\I571952\.m2\repository\org\springframework\spring-aop\6.0.10\spring-aop-6.0.10.jar;C:\Users\I571952\.m2\repository\org\springframework\security\spring-security-config\6.1.1\spring-security-config-6.1.1.jar;C:\Users\I571952\.m2\repository\org\springframework\security\spring-security-core\6.1.1\spring-security-core-6.1.1.jar;C:\Users\I571952\.m2\repository\org\springframework\security\spring-security-crypto\6.1.1\spring-security-crypto-6.1.1.jar;C:\Users\I571952\.m2\repository\org\springframework\security\spring-security-web\6.1.1\spring-security-web-6.1.1.jar;C:\Users\I571952\.m2\repository\org\springframework\boot\spring-boot-starter-test\3.1.1\spring-boot-starter-test-3.1.1.jar;C:\Users\I571952\.m2\repository\org\springframework\boot\spring-boot-test\3.1.1\spring-boot-test-3.1.1.jar;C:\Users\I571952\.m2\repository\org\springframework\boot\spring-boot-test-autoconfigure\3.1.1\spring-boot-test-autoconfigure-3.1.1.jar;C:\Users\I571952\.m2\repository\com\jayway\jsonpath\json-path\2.8.0\json-path-2.8.0.jar;C:\Users\I571952\.m2\repository\org\slf4j\slf4j-api\2.0.7\slf4j-api-2.0.7.jar;C:\Users\I571952\.m2\repository\jakarta\xml\bind\jakarta.xml.bind-api\4.0.0\jakarta.xml.bind-api-4.0.0.jar;C:\Users\I571952\.m2\repository\jakarta\activation\jakarta.activation-api\2.1.2\jakarta.activation-api-2.1.2.jar;C:\Users\I571952\.m2\repository\net\minidev\json-smart\2.4.11\json-smart-2.4.11.jar;C:\Users\I571952\.m2\repository\net\minidev\accessors-smart\2.4.11\accessors-smart-2.4.11.jar;C:\Users\I571952\.m2\repository\org\ow2\asm\asm\9.3\asm-9.3.jar;C:\Users\I571952\.m2\repository\org\assertj\assertj-core\3.24.2\assertj-core-3.24.2.jar;C:\Users\I571952\.m2\repository\net\bytebuddy\byte-buddy\1.14.5\byte-buddy-1.14.5.jar;C:\Users\I571952\.m2\repository\org\hamcrest\hamcrest\2.2\hamcrest-2.2.jar;C:\Users\I571952\.m2\repository\org\junit\jupiter\junit-jupiter\5.9.3\junit-jupiter-5.9.3.jar;C:\Users\I571952\.m2\repository\org\junit\jupiter\junit-jupiter-api\5.9.3\junit-jupiter-api-5.9.3.jar;C:\Users\I571952\.m2\repository\org\opentest4j\opentest4j\1.2.0\opentest4j-1.2.0.jar;C:\Users\I571952\.m2\repository\org\junit\platform\junit-platform-commons\1.9.3\junit-platform-commons-1.9.3.jar;C:\Users\I571952\.m2\repository\org\apiguardian\apiguardian-api\1.1.2\apiguardian-api-1.1.2.jar;C:\Users\I571952\.m2\repository\org\junit\jupiter\junit-jupiter-params\5.9.3\junit-jupiter-params-5.9.3.jar;C:\Users\I571952\.m2\repository\org\junit\jupiter\junit-jupiter-engine\5.9.3\junit-jupiter-engine-5.9.3.jar;C:\Users\I571952\.m2\repository\org\junit\platform\junit-platform-engine\1.9.3\junit-platform-engine-1.9.3.jar;C:\Users\I571952\.m2\repository\org\mockito\mockito-core\5.3.1\mockito-core-5.3.1.jar;C:\Users\I571952\.m2\repository\net\bytebuddy\byte-buddy-agent\1.14.5\byte-buddy-agent-1.14.5.jar;C:\Users\I571952\.m2\repository\org\objenesis\objenesis\3.3\objenesis-3.3.jar;C:\Users\I571952\.m2\repository\org\mockito\mockito-junit-jupiter\5.3.1\mockito-junit-jupiter-5.3.1.jar;C:\Users\I571952\.m2\repository\org\skyscreamer\jsonassert\1.5.1\jsonassert-1.5.1.jar;C:\Users\I571952\.m2\repository\com\vaadin\external\google\android-json\0.0.20131108.vaadin1\android-json-0.0.20131108.vaadin1.jar;C:\Users\I571952\.m2\repository\org\springframework\spring-core\6.0.10\spring-core-6.0.10.jar;C:\Users\I571952\.m2\repository\org\springframework\spring-jcl\6.0.10\spring-jcl-6.0.10.jar;C:\Users\I571952\.m2\repository\org\springframework\spring-test\6.0.10\spring-test-6.0.10.jar;C:\Users\I571952\.m2\repository\org\xmlunit\xmlunit-core\2.9.1\xmlunit-core-2.9.1.jar;C:\Users\I571952\.m2\repository\org\springframework\boot\spring-boot-devtools\3.1.1\spring-boot-devtools-3.1.1.jar;C:\Users\I571952\.m2\repository\org\springframework\boot\spring-boot\3.1.1\spring-boot-3.1.1.jar;C:\Users\I571952\.m2\repository\org\springframework\boot\spring-boot-autoconfigure\3.1.1\spring-boot-autoconfigure-3.1.1.jar;C:\Users\I571952\.m2\repository\com\auth0\java-jwt\4.3.0\java-jwt-4.3.0.jar;C:\Users\I571952\.m2\repository\com\fasterxml\jackson\core\jackson-databind\2.15.2\jackson-databind-2.15.2.jar;C:\Users\I571952\.m2\repository\com\fasterxml\jackson\core\jackson-annotations\2.15.2\jackson-annotations-2.15.2.jar;C:\Users\I571952\.m2\repository\com\fasterxml\jackson\core\jackson-core\2.15.2\jackson-core-2.15.2.jar;"/>
    <property name="sun.cpu.endian" value="little"/>
    <property name="user.home" value="C:\Users\I571952"/>
    <property name="user.language" value="en"/>
    <property name="java.specification.vendor" value="Oracle Corporation"/>
    <property name="java.version.date" value="2023-10-17"/>
    <property name="java.home" value="C:\Program Files\SapMachine\JDK\21"/>
    <property name="file.separator" value="\"/>
    <property name="basedir" value="C:\Users\I571952\Desktop\Classroom Training\poker-app-java"/>
    <property name="java.vm.compressedOopsMode" value="Zero based"/>
    <property name="line.separator" value="&#10;"/>
    <property name="java.vm.specification.vendor" value="Oracle Corporation"/>
    <property name="java.specification.name" value="Java Platform API Specification"/>
    <property name="FILE_LOG_CHARSET" value="UTF-8"/>
    <property name="java.awt.headless" value="true"/>
    <property name="surefire.real.class.path" value="C:\Users\I571952\AppData\Local\Temp\surefire13293093642107556318\surefirebooter-20240306134719491_31.jar"/>
    <property name="user.script" value=""/>
    <property name="sun.management.compiler" value="HotSpot 64-Bit Tiered Compilers"/>
    <property name="java.runtime.version" value="21.0.1+-LTS"/>
    <property name="user.name" value="I571952"/>
    <property name="stdout.encoding" value="Cp1252"/>
    <property name="path.separator" value=";"/>
    <property name="os.version" value="10.0"/>
    <property name="java.runtime.name" value="OpenJDK Runtime Environment"/>
    <property name="file.encoding" value="UTF-8"/>
    <property name="java.vm.name" value="OpenJDK 64-Bit Server VM"/>
    <property name="java.vendor.version" value="SapMachine"/>
    <property name="localRepository" value="C:\Users\I571952\.m2\repository"/>
    <property name="java.vendor.url.bug" value="https://github.com/SAP/SapMachine/issues/new"/>
    <property name="java.io.tmpdir" value="C:\Users\I571952\AppData\Local\Temp\"/>
    <property name="java.version" value="21.0.1"/>
    <property name="user.dir" value="C:\Users\I571952\Desktop\Classroom Training\poker-app-java"/>
    <property name="os.arch" value="amd64"/>
    <property name="java.vm.specification.name" value="Java Virtual Machine Specification"/>
    <property name="PID" value="16728"/>
    <property name="sun.os.patch.level" value=""/>
    <property name="CONSOLE_LOG_CHARSET" value="UTF-8"/>
    <property name="native.encoding" value="Cp1252"/>
    <property name="java.library.path" value="C:\Program Files\SapMachine\JDK\21\bin;C:\WINDOWS\Sun\Java\bin;C:\WINDOWS\system32;C:\WINDOWS;C:\WINDOWS\system32;C:\WINDOWS;C:\WINDOWS\System32\Wbem;C:\WINDOWS\System32\WindowsPowerShell\v1.0\;C:\WINDOWS\System32\OpenSSH\;C:\Program Files\dotnet\;C:\Users\I571952\Documents\apache-maven-3.9.0\bin;C:\Users\I571952\AppData\Local\Microsoft\WindowsApps;C:\Users\I571952\AppData\Local\Programs\Microsoft VS Code\bin;C:\Users\I571952\AppData\Roaming\npm;C:\SUPA;C:\Program Files\SapMachine\JDK\21\bin;C:\Program Files\SapMachine\JDK\21\bin;C:\Program Files\nodejs\;C:\Program Files\Docker\Docker\resources\bin;C:\Program Files\Git\cmd;C:\Users\I571952\AppData\Local\Microsoft\WindowsApps;C:\Users\I571952\AppData\Local\Programs\Microsoft VS Code\bin;C:\Users\I571952\AppData\Roaming\npm;C:\Users\I571952\AppData\Local\Programs\Git\cmd;;."/>
    <property name="java.vm.info" value="mixed mode, sharing"/>
    <property name="stderr.encoding" value="Cp1252"/>
    <property name="java.vendor" value="SAP SE"/>
    <property name="java.vm.version" value="21.0.1+-LTS"/>
    <property name="sun.io.unicode.encoding" value="UnicodeLittle"/>
    <property name="java.class.version" value="65.0"/>
  </properties>
  <testcase name="check_shouldAdvancePlayer" classname="com.sap.ase.poker.smokeTests.CheckSmokeTest" time="0.062">
    <system-out><![CDATA[2024-03-06T13:47:29.733+05:30  INFO 16728 --- [           main] t.c.s.AnnotationConfigContextLoaderUtils : Could not detect default configuration classes for test class [com.sap.ase.poker.smokeTests.CheckSmokeTest]: CheckSmokeTest does not declare any static, non-private, non-final, nested classes annotated with @Configuration.
2024-03-06T13:47:29.737+05:30  INFO 16728 --- [           main] .b.t.c.SpringBootTestContextBootstrapper : Found @SpringBootConfiguration com.sap.ase.poker.PokerBootApplication for test class com.sap.ase.poker.smokeTests.CheckSmokeTest

  .   ____          _            __ _ _
 /\\ / ___'_ __ _ _(_)_ __  __ _ \ \ \ \
( ( )\___ | '_ | '_| | '_ \/ _` | \ \ \ \
 \\/  ___)| |_)| | | | | || (_| |  ) ) ) )
  '  |____| .__|_| |_|_| |_\__, | / / / /
 =========|_|==============|___/=/_/_/_/
 :: Spring Boot ::                (v3.1.1)

2024-03-06T13:47:29.799+05:30  INFO 16728 --- [           main] c.s.ase.poker.smokeTests.CheckSmokeTest  : Starting CheckSmokeTest using Java 21.0.1 with PID 16728 (started by I571952 in C:\Users\I571952\Desktop\Classroom Training\poker-app-java)
2024-03-06T13:47:29.799+05:30  INFO 16728 --- [           main] c.s.ase.poker.smokeTests.CheckSmokeTest  : No active profile set, falling back to 1 default profile: "default"
2024-03-06T13:47:30.594+05:30  INFO 16728 --- [           main] o.s.s.web.DefaultSecurityFilterChain     : Will secure any request with [org.springframework.security.web.session.DisableEncodeUrlFilter@3a96b5a1, org.springframework.security.web.context.request.async.WebAsyncManagerIntegrationFilter@5aa2168f, org.springframework.security.web.context.SecurityContextHolderFilter@532f568e, org.springframework.security.web.header.HeaderWriterFilter@1f1e4e04, org.springframework.security.web.authentication.logout.LogoutFilter@73d7b6b0, com.sap.ase.poker.security.JsonUsernamePasswordAuthenticationFilter@25b2d26a, org.springframework.security.web.authentication.UsernamePasswordAuthenticationFilter@74baefb0, com.sap.ase.poker.security.JwtAuthenticationRequestFilter@6d67e03, org.springframework.security.web.savedrequest.RequestCacheAwareFilter@dd3586e, org.springframework.security.web.servletapi.SecurityContextHolderAwareRequestFilter@605049be, org.springframework.security.web.authentication.AnonymousAuthenticationFilter@962e8c5, org.springframework.security.web.session.SessionManagementFilter@4a5e1a3a, org.springframework.security.web.access.ExceptionTranslationFilter@47d32e33, org.springframework.security.web.access.intercept.AuthorizationFilter@62f2811]
2024-03-06T13:47:30.619+05:30  INFO 16728 --- [           main] c.s.ase.poker.smokeTests.CheckSmokeTest  : Started CheckSmokeTest in 0.876 seconds (process running for 10.844)
Player joined the table: poker-alice
Player joined the table: wild-bill
]]></system-out>
  </testcase>
  <testcase name="check_shouldAdvanceState" classname="com.sap.ase.poker.smokeTests.CheckSmokeTest" time="0.008">
    <system-out><![CDATA[
  .   ____          _            __ _ _
 /\\ / ___'_ __ _ _(_)_ __  __ _ \ \ \ \
( ( )\___ | '_ | '_| | '_ \/ _` | \ \ \ \
 \\/  ___)| |_)| | | | | || (_| |  ) ) ) )
  '  |____| .__|_| |_|_| |_\__, | / / / /
 =========|_|==============|___/=/_/_/_/
 :: Spring Boot ::                (v3.1.1)

2024-03-06T13:47:30.714+05:30  INFO 16728 --- [           main] c.s.ase.poker.smokeTests.CheckSmokeTest  : Starting CheckSmokeTest using Java 21.0.1 with PID 16728 (started by I571952 in C:\Users\I571952\Desktop\Classroom Training\poker-app-java)
2024-03-06T13:47:30.715+05:30  INFO 16728 --- [           main] c.s.ase.poker.smokeTests.CheckSmokeTest  : No active profile set, falling back to 1 default profile: "default"
2024-03-06T13:47:31.506+05:30  INFO 16728 --- [           main] o.s.s.web.DefaultSecurityFilterChain     : Will secure any request with [org.springframework.security.web.session.DisableEncodeUrlFilter@4967d14c, org.springframework.security.web.context.request.async.WebAsyncManagerIntegrationFilter@38aa5ffe, org.springframework.security.web.context.SecurityContextHolderFilter@5ab6cb92, org.springframework.security.web.header.HeaderWriterFilter@7f055e1, org.springframework.security.web.authentication.logout.LogoutFilter@45bf1b4e, com.sap.ase.poker.security.JsonUsernamePasswordAuthenticationFilter@551f38b1, org.springframework.security.web.authentication.UsernamePasswordAuthenticationFilter@743fc1ee, com.sap.ase.poker.security.JwtAuthenticationRequestFilter@5f25b34d, org.springframework.security.web.savedrequest.RequestCacheAwareFilter@3a34d64a, org.springframework.security.web.servletapi.SecurityContextHolderAwareRequestFilter@3feec3b0, org.springframework.security.web.authentication.AnonymousAuthenticationFilter@283fe454, org.springframework.security.web.session.SessionManagementFilter@2a5782d7, org.springframework.security.web.access.ExceptionTranslationFilter@6d41b46a, org.springframework.security.web.access.intercept.AuthorizationFilter@109fa8e2]
2024-03-06T13:47:31.530+05:30  INFO 16728 --- [           main] c.s.ase.poker.smokeTests.CheckSmokeTest  : Started CheckSmokeTest in 0.844 seconds (process running for 11.755)
Player joined the table: poker-alice
Player joined the table: wild-bill
]]></system-out>
  </testcase>
  <testcase name="check_afterRaise_throwsIllegalActionException" classname="com.sap.ase.poker.smokeTests.CheckSmokeTest" time="0.005">
    <system-out><![CDATA[
  .   ____          _            __ _ _
 /\\ / ___'_ __ _ _(_)_ __  __ _ \ \ \ \
( ( )\___ | '_ | '_| | '_ \/ _` | \ \ \ \
 \\/  ___)| |_)| | | | | || (_| |  ) ) ) )
  '  |____| .__|_| |_|_| |_\__, | / / / /
 =========|_|==============|___/=/_/_/_/
 :: Spring Boot ::                (v3.1.1)

2024-03-06T13:47:31.565+05:30  INFO 16728 --- [           main] c.s.ase.poker.smokeTests.CheckSmokeTest  : Starting CheckSmokeTest using Java 21.0.1 with PID 16728 (started by I571952 in C:\Users\I571952\Desktop\Classroom Training\poker-app-java)
2024-03-06T13:47:31.566+05:30  INFO 16728 --- [           main] c.s.ase.poker.smokeTests.CheckSmokeTest  : No active profile set, falling back to 1 default profile: "default"
2024-03-06T13:47:32.357+05:30  INFO 16728 --- [           main] o.s.s.web.DefaultSecurityFilterChain     : Will secure any request with [org.springframework.security.web.session.DisableEncodeUrlFilter@6860341b, org.springframework.security.web.context.request.async.WebAsyncManagerIntegrationFilter@668b1faf, org.springframework.security.web.context.SecurityContextHolderFilter@2ece1629, org.springframework.security.web.header.HeaderWriterFilter@1bd7bdf, org.springframework.security.web.authentication.logout.LogoutFilter@1aaf110c, com.sap.ase.poker.security.JsonUsernamePasswordAuthenticationFilter@170df9b8, org.springframework.security.web.authentication.UsernamePasswordAuthenticationFilter@a256322, com.sap.ase.poker.security.JwtAuthenticationRequestFilter@3610b408, org.springframework.security.web.savedrequest.RequestCacheAwareFilter@58178c5e, org.springframework.security.web.servletapi.SecurityContextHolderAwareRequestFilter@329e6700, org.springframework.security.web.authentication.AnonymousAuthenticationFilter@5fb99e3d, org.springframework.security.web.session.SessionManagementFilter@69e0f16, org.springframework.security.web.access.ExceptionTranslationFilter@8afd00e, org.springframework.security.web.access.intercept.AuthorizationFilter@3fd9c5db]
2024-03-06T13:47:32.380+05:30  INFO 16728 --- [           main] c.s.ase.poker.smokeTests.CheckSmokeTest  : Started CheckSmokeTest in 0.838 seconds (process running for 12.605)
Player joined the table: poker-alice
Player joined the table: wild-bill
]]></system-out>
  </testcase>
  <testcase name="check_shouldAdvanceGameState" classname="com.sap.ase.poker.smokeTests.CheckSmokeTest" time="0.007">
    <system-out><![CDATA[
  .   ____          _            __ _ _
 /\\ / ___'_ __ _ _(_)_ __  __ _ \ \ \ \
( ( )\___ | '_ | '_| | '_ \/ _` | \ \ \ \
 \\/  ___)| |_)| | | | | || (_| |  ) ) ) )
  '  |____| .__|_| |_|_| |_\__, | / / / /
 =========|_|==============|___/=/_/_/_/
 :: Spring Boot ::                (v3.1.1)

2024-03-06T13:47:32.415+05:30  INFO 16728 --- [           main] c.s.ase.poker.smokeTests.CheckSmokeTest  : Starting CheckSmokeTest using Java 21.0.1 with PID 16728 (started by I571952 in C:\Users\I571952\Desktop\Classroom Training\poker-app-java)
2024-03-06T13:47:32.416+05:30  INFO 16728 --- [           main] c.s.ase.poker.smokeTests.CheckSmokeTest  : No active profile set, falling back to 1 default profile: "default"
2024-03-06T13:47:33.199+05:30  INFO 16728 --- [           main] o.s.s.web.DefaultSecurityFilterChain     : Will secure any request with [org.springframework.security.web.session.DisableEncodeUrlFilter@6ded49c4, org.springframework.security.web.context.request.async.WebAsyncManagerIntegrationFilter@60729135, org.springframework.security.web.context.SecurityContextHolderFilter@46c2451a, org.springframework.security.web.header.HeaderWriterFilter@6e9c118f, org.springframework.security.web.authentication.logout.LogoutFilter@37b48520, com.sap.ase.poker.security.JsonUsernamePasswordAuthenticationFilter@75e1a63e, org.springframework.security.web.authentication.UsernamePasswordAuthenticationFilter@7e634ead, com.sap.ase.poker.security.JwtAuthenticationRequestFilter@11138809, org.springframework.security.web.savedrequest.RequestCacheAwareFilter@7393a461, org.springframework.security.web.servletapi.SecurityContextHolderAwareRequestFilter@7d8dd3f5, org.springframework.security.web.authentication.AnonymousAuthenticationFilter@16374086, org.springframework.security.web.session.SessionManagementFilter@3d446ba9, org.springframework.security.web.access.ExceptionTranslationFilter@5a8dfd2e, org.springframework.security.web.access.intercept.AuthorizationFilter@4aebeda8]
2024-03-06T13:47:33.224+05:30  INFO 16728 --- [           main] c.s.ase.poker.smokeTests.CheckSmokeTest  : Started CheckSmokeTest in 0.834 seconds (process running for 13.448)
Player joined the table: poker-alice
Player joined the table: wild-bill
]]></system-out>
  </testcase>
</testsuite>